<?xml version="1.0" encoding="UTF-8"?>
<!-- Generated by org.testng.reporters.JUnitXMLReporter -->
<testsuite ignored="0" hostname="DESKTOP-O2IJ1P6" failures="0" tests="5" name="Login" time="85.204" errors="0" timestamp="2023-09-13T17:50:55 PDT">
  <testcase classname="tests.LeadsTest" name="leads_TC20" time="3.629"/>
  <testcase classname="tests.LeadsTest" name="leads_TC21" time="1.75"/>
  <testcase classname="tests.LeadsTest" name="leads_TC22" time="13.951"/>
  <testcase classname="tests.LeadsTest" name="leads_TC23" time="1.854"/>
  <testcase classname="tests.LeadsTest" name="leads_TC24" time="54.365"/>
</testsuite> <!-- Login -->
