<?xml version="1.0" encoding="UTF-8"?>
<!-- Generated by org.testng.reporters.JUnitXMLReporter -->
<testsuite ignored="0" hostname="DESKTOP-O2IJ1P6" failures="0" tests="5" name="Login" time="37.324" errors="0" timestamp="2023-09-13T17:46:25 PDT">
  <testcase classname="tests.AccountTest" name="CreateAccount_TC10" time="7.309"/>
  <testcase classname="tests.AccountTest" name="CreateAccount_TC11" time="4.222"/>
  <testcase classname="tests.AccountTest" name="CreateAccount_TC12" time="3.196"/>
  <testcase classname="tests.AccountTest" name="CreateAccount_TC13" time="3.209"/>
  <testcase classname="tests.AccountTest" name="CreateAccount_TC14" time="5.154"/>
</testsuite> <!-- Login -->
