<?xml version="1.0" encoding="UTF-8"?>
<!-- Generated by org.testng.reporters.JUnitXMLReporter -->
<testsuite ignored="0" hostname="DESKTOP-O2IJ1P6" failures="0" tests="5" name="Login" time="61.446" errors="0" timestamp="2023-09-13T17:58:37 PDT">
  <testcase classname="tests.OpportunityTest" name="CreateOpty_TC15" time="2.541"/>
  <testcase classname="tests.OpportunityTest" name="CreateOpty_TC16" time="5.83"/>
  <testcase classname="tests.OpportunityTest" name="CreateOpty_TC17" time="1.666"/>
  <testcase classname="tests.OpportunityTest" name="CreateOpty_TC18" time="20.804"/>
  <testcase classname="tests.OpportunityTest" name="CreateOpty_TC19" time="14.948"/>
</testsuite> <!-- Login -->
