<?xml version="1.0" encoding="UTF-8"?>
<!-- Generated by org.testng.reporters.JUnitXMLReporter -->
<testsuite ignored="0" hostname="DESKTOP-O2IJ1P6" failures="0" tests="8" name="Login" time="37.321" errors="0" timestamp="2023-09-13T18:00:39 PDT">
  <testcase classname="tests.ContactsTest" name="Contacts_TC25" time="10.348"/>
  <testcase classname="tests.ContactsTest" name="Contacts_TC26" time="2.49"/>
  <testcase classname="tests.ContactsTest" name="Contacts_TC27" time="1.276"/>
  <testcase classname="tests.ContactsTest" name="Contacts_TC28" time="1.468"/>
  <testcase classname="tests.ContactsTest" name="Contacts_TC29" time="1.965"/>
  <testcase classname="tests.ContactsTest" name="Contacts_TC30" time="2.622"/>
  <testcase classname="tests.ContactsTest" name="Contacts_TC31" time="2.78"/>
  <testcase classname="tests.ContactsTest" name="Contacts_TC32" time="2.799"/>
</testsuite> <!-- Login -->
