<?xml version="1.0" encoding="UTF-8"?>
<testng-results ignored="0" total="2" passed="2" failed="0" skipped="0">
  <reporter-output>
  </reporter-output>
  <suite started-at="2023-08-21T17:35:41 PDT" name="Default suite" finished-at="2023-08-21T17:35:46 PDT" duration-ms="5119">
    <groups>
    </groups>
    <test started-at="2023-08-21T17:35:41 PDT" name="Default test" finished-at="2023-08-21T17:35:46 PDT" duration-ms="5119">
      <class name="seleniumpackage.TestNgDemo">
        <test-method signature="launch()[pri:1, instance:seleniumpackage.TestNgDemo@515c6049]" started-at="2023-08-21T17:35:41 PDT" name="launch" finished-at="2023-08-21T17:35:46 PDT" duration-ms="4882" status="PASS">
          <reporter-output>
          </reporter-output>
        </test-method> <!-- launch -->
        <test-method signature="search()[pri:2, instance:seleniumpackage.TestNgDemo@515c6049]" started-at="2023-08-21T17:35:46 PDT" name="search" finished-at="2023-08-21T17:35:46 PDT" duration-ms="197" status="PASS">
          <reporter-output>
          </reporter-output>
        </test-method> <!-- search -->
      </class> <!-- seleniumpackage.TestNgDemo -->
    </test> <!-- Default test -->
  </suite> <!-- Default suite -->
</testng-results>
